<?xml version="1.0" encoding="UTF-8"?>
<!-- Generated by org.testng.reporters.JUnitXMLReporter -->
<testsuite hostname="castrino" ignored="0" name="Test" tests="1" failures="1" timestamp="10 Jun 2021 04:58:36 GMT" time="5.055" errors="0">
  <testcase name="login" time="0.014" classname="org.test5.Sample7">
    <failure type="java.lang.NullPointerException">
      <![CDATA[java.lang.NullPointerException
	at org.test5.Sample7.login(Sample7.java:25)
... Removed 25 stack frames]]>
    </failure>
  </testcase> <!-- login -->
</testsuite> <!-- Test -->
